>>> Script started at Sun Jun 15 12:41:18 UTC 2025
  % Total    % Received % Xferd  Average Speed   Time    Time     Time  Current
                                 Dload  Upload   Total   Spent    Left  Speed
  0     0    0     0    0     0      0      0 --:--:-- --:--:-- --:--:--     0100    27  100     2  100    25      3     43 --:--:-- --:--:-- --:--:--    46
ok>>> Script started at Sun Jun 15 12:45:29 UTC 2025
>>> Script started at Sun Jun 15 12:48:52 UTC 2025
  % Total    % Received % Xferd  Average Speed   Time    Time     Time  Current
                                 Dload  Upload   Total   Spent    Left  Speed
  0     0    0     0    0     0      0      0 --:--:-- --:--:-- --:--:--     0100   517  100     2  100   515      1    501  0:00:02  0:00:01  0:00:01   503100   517  100     2  100   515      1    501  0:00:02  0:00:01  0:00:01   503
ok>>> Script started at Sun Jun 15 12:57:08 UTC 2025
  % Total    % Received % Xferd  Average Speed   Time    Time     Time  Current
                                 Dload  Upload   Total   Spent    Left  Speed
  0     0    0     0    0     0      0      0 --:--:-- --:--:-- --:--:--     0100   571  100     2  100   569      3    902 --:--:-- --:--:-- --:--:--   906
ok>>> Script started at Sun Jun 15 13:00:05 UTC 2025
  % Total    % Received % Xferd  Average Speed   Time    Time     Time  Current
                                 Dload  Upload   Total   Spent    Left  Speed
  0     0    0     0    0     0      0      0 --:--:-- --:--:-- --:--:--     0  0     0    0     0    0     0      0      0 --:--:-- --:--:-- --:--:--     0100   571  100     2  100   569      4   1158 --:--:-- --:--:-- --:--:--  1160
ok>>> Script started at Sun Jun 15 16:45:53 UTC 2025
  % Total    % Received % Xferd  Average Speed   Time    Time     Time  Current
                                 Dload  Upload   Total   Spent    Left  Speed
  0     0    0     0    0     0      0      0 --:--:-- --:--:-- --:--:--     0100   570    0     0  100   570      0   1275 --:--:-- --:--:-- --:--:--  1275100   580  100    10  100   570     14    838 --:--:-- --:--:-- --:--:--   852
no_service./monitor.sh: line 62: $1: unbound variable
>>> Script started at Sun Jun 15 16:49:39 UTC 2025
>>> Script started at Sun Jun 15 16:50:27 UTC 2025
./monitor.sh: line 62: $1: unbound variable
